# JRE version: OpenJDK Runtime Environment (17.0.6) (build 17.0.6+0-b2043.56-10027231)
# Java VM: OpenJDK 64-Bit Server VM (17.0.6+0-b2043.56-10027231, mixed mode, tiered, compressed oops, compressed class ptrs, g1 gc, windows-amd64)
GC Precious Log:
 CPUs: 2 total, 2 available
 Memory: 3737M
 Large Page Support: Disabled
 NUMA Support: Disabled
 Compressed Oops: Enabled (32-bit)
 Heap Region Size: 1M
 Heap Min Capacity: 8M
 Heap Initial Capacity: 60M
 Heap Max Capacity: 2G
 Pre-touch: Disabled
 Parallel Workers: 2
 Concurrent Workers: 1
 Concurrent Refinement Workers: 2
 Periodic GC: Disabled
Heap:
 garbage-first heap   total 473088K, used 281731K [0x0000000080000000, 0x0000000100000000)
  region size 1024K, 1 young (1024K), 1 survivors (1024K)
 Metaspace       used 210501K, committed 211776K, reserved 1236992K
  class space    used 25820K, committed 26432K, reserved 1048576K
GC Heap History (20 events):
Event: 744.831 GC heap after
{Heap after GC invocations=215 (full 0):
 garbage-first heap   total 445440K, used 259043K [0x0000000080000000, 0x0000000100000000)
  region size 1024K, 10 young (10240K), 10 survivors (10240K)
 Metaspace       used 201085K, committed 202240K, reserved 1228800K
  class space    used 24758K, committed 25344K, reserved 1048576K
}
Event: 2094.332 GC heap before
{Heap before GC invocations=215 (full 0):
 garbage-first heap   total 445440K, used 380899K [0x0000000080000000, 0x0000000100000000)
  region size 1024K, 130 young (133120K), 10 survivors (10240K)
 Metaspace       used 204418K, committed 205696K, reserved 1228800K
  class space    used 25196K, committed 25856K, reserved 1048576K
}
Event: 2095.249 GC heap after
{Heap after GC invocations=216 (full 0):
 garbage-first heap   total 445440K, used 265069K [0x0000000080000000, 0x0000000100000000)
  region size 1024K, 13 young (13312K), 13 survivors (13312K)
 Metaspace       used 204418K, committed 205696K, reserved 1228800K
  class space    used 25196K, committed 25856K, reserved 1048576K
}
Event: 2111.225 GC heap before
{Heap before GC invocations=217 (full 0):
 garbage-first heap   total 447488K, used 273261K [0x0000000080000000, 0x0000000100000000)
  region size 1024K, 21 young (21504K), 13 survivors (13312K)
 Metaspace       used 204365K, committed 205696K, reserved 1228800K
  class space    used 25168K, committed 25856K, reserved 1048576K
}
Event: 2111.512 GC heap after
{Heap after GC invocations=218 (full 0):
 garbage-first heap   total 447488K, used 264927K [0x0000000080000000, 0x0000000100000000)
  region size 1024K, 1 young (1024K), 1 survivors (1024K)
 Metaspace       used 204365K, committed 205696K, reserved 1228800K
  class space    used 25168K, committed 25856K, reserved 1048576K
}
Event: 2116.291 GC heap before
{Heap before GC invocations=218 (full 0):
 garbage-first heap   total 447488K, used 285407K [0x0000000080000000, 0x0000000100000000)
  region size 1024K, 21 young (21504K), 1 survivors (1024K)
 Metaspace       used 204893K, committed 206080K, reserved 1236992K
  class space    used 25236K, committed 25856K, reserved 1048576K
}
Event: 2116.555 GC heap after
{Heap after GC invocations=219 (full 0):
 garbage-first heap   total 447488K, used 264704K [0x0000000080000000, 0x0000000100000000)
  region size 1024K, 3 young (3072K), 3 survivors (3072K)
 Metaspace       used 204893K, committed 206080K, reserved 1236992K
  class space    used 25236K, committed 25856K, reserved 1048576K
}
Event: 2118.568 GC heap before
{Heap before GC invocations=219 (full 0):
 garbage-first heap   total 447488K, used 283136K [0x0000000080000000, 0x0000000100000000)
  region size 1024K, 21 young (21504K), 3 survivors (3072K)
 Metaspace       used 205614K, committed 206912K, reserved 1236992K
  class space    used 25333K, committed 25984K, reserved 1048576K
}
Event: 2118.635 GC heap after
{Heap after GC invocations=220 (full 0):
 garbage-first heap   total 447488K, used 266789K [0x0000000080000000, 0x0000000100000000)
  region size 1024K, 3 young (3072K), 3 survivors (3072K)
 Metaspace       used 205614K, committed 206912K, reserved 1236992K
  class space    used 25333K, committed 25984K, reserved 1048576K
}
Event: 2135.897 GC heap before
{Heap before GC invocations=220 (full 0):
 garbage-first heap   total 447488K, used 364069K [0x0000000080000000, 0x0000000100000000)
  region size 1024K, 97 young (99328K), 3 survivors (3072K)
 Metaspace       used 207159K, committed 208384K, reserved 1236992K
  class space    used 25518K, committed 26112K, reserved 1048576K
}
Event: 2136.491 GC heap after
{Heap after GC invocations=221 (full 0):
 garbage-first heap   total 447488K, used 276905K [0x0000000080000000, 0x0000000100000000)
  region size 1024K, 13 young (13312K), 13 survivors (13312K)
 Metaspace       used 207159K, committed 208384K, reserved 1236992K
  class space    used 25518K, committed 26112K, reserved 1048576K
}
Event: 2144.036 GC heap before
{Heap before GC invocations=221 (full 0):
 garbage-first heap   total 447488K, used 285097K [0x0000000080000000, 0x0000000100000000)
  region size 1024K, 21 young (21504K), 13 survivors (13312K)
 Metaspace       used 207175K, committed 208384K, reserved 1236992K
  class space    used 25519K, committed 26112K, reserved 1048576K
}
Event: 2144.290 GC heap after
{Heap after GC invocations=222 (full 0):
 garbage-first heap   total 447488K, used 277608K [0x0000000080000000, 0x0000000100000000)
  region size 1024K, 1 young (1024K), 1 survivors (1024K)
 Metaspace       used 207175K, committed 208384K, reserved 1236992K
  class space    used 25519K, committed 26112K, reserved 1048576K
}
Event: 2170.353 GC heap before
{Heap before GC invocations=222 (full 0):
 garbage-first heap   total 447488K, used 353384K [0x0000000080000000, 0x0000000100000000)
  region size 1024K, 76 young (77824K), 1 survivors (1024K)
 Metaspace       used 209688K, committed 210944K, reserved 1236992K
  class space    used 25731K, committed 26368K, reserved 1048576K
}
Event: 2170.542 GC heap after
{Heap after GC invocations=223 (full 0):
 garbage-first heap   total 447488K, used 278632K [0x0000000080000000, 0x0000000100000000)
  region size 1024K, 2 young (2048K), 2 survivors (2048K)
 Metaspace       used 209688K, committed 210944K, reserved 1236992K
  class space    used 25731K, committed 26368K, reserved 1048576K
}
Event: 2214.012 GC heap before
{Heap before GC invocations=223 (full 0):
 garbage-first heap   total 447488K, used 353384K [0x0000000080000000, 0x0000000100000000)
  region size 1024K, 76 young (77824K), 2 survivors (2048K)
 Metaspace       used 210395K, committed 211648K, reserved 1236992K
  class space    used 25802K, committed 26432K, reserved 1048576K
}
Event: 2214.462 GC heap after
{Heap after GC invocations=224 (full 0):
 garbage-first heap   total 447488K, used 280895K [0x0000000080000000, 0x0000000100000000)
  region size 1024K, 5 young (5120K), 5 survivors (5120K)
 Metaspace       used 210395K, committed 211648K, reserved 1236992K
  class space    used 25802K, committed 26432K, reserved 1048576K
}
Event: 2215.089 GC heap before
{Heap before GC invocations=224 (full 0):
 garbage-first heap   total 447488K, used 296255K [0x0000000080000000, 0x0000000100000000)
  region size 1024K, 21 young (21504K), 5 survivors (5120K)
 Metaspace       used 210395K, committed 211648K, reserved 1236992K
  class space    used 25802K, committed 26432K, reserved 1048576K
}
Event: 2215.137 GC heap after
{Heap after GC invocations=225 (full 0):
 garbage-first heap   total 447488K, used 281481K [0x0000000080000000, 0x0000000100000000)
  region size 1024K, 1 young (1024K), 1 survivors (1024K)
 Metaspace       used 210395K, committed 211648K, reserved 1236992K
  class space    used 25802K, committed 26432K, reserved 1048576K
}
Event: 2220.622 GC heap before
{Heap before GC invocations=225 (full 0):
 garbage-first heap   total 447488K, used 363401K [0x0000000080000000, 0x0000000100000000)
  region size 1024K, 82 young (83968K), 1 survivors (1024K)
 Metaspace       used 210501K, committed 211776K, reserved 1236992K
  class space    used 25820K, committed 26432K, reserved 1048576K
}

